<?xml version="1.0" encoding="UTF-8"?>
<!-- Generated by org.testng.reporters.JUnitReportReporter -->
<testsuite skipped="0" hostname="LAPTOP-0MK9KKKF" name="TestCases.DemoClass" tests="1" failures="0" timestamp="2023-01-06T13:39:08 IST" time="0.013" errors="0">
  <testcase name="m5" time="0.013" classname="TestCases.DemoClass"/>
</testsuite> <!-- TestCases.DemoClass -->
